# JRE version: Java(TM) SE Runtime Environment (8.0_271-b09) (build 1.8.0_271-b09)
# Java VM: Java HotSpot(TM) 64-Bit Server VM (25.271-b09 mixed mode windows-amd64 compressed oops)
Heap:
 PSYoungGen      total 268800K, used 119449K [0x00000000d5f80000, 0x00000000eec80000, 0x0000000100000000)
  eden space 160256K, 67% used [0x00000000d5f80000,0x00000000dc954af0,0x00000000dfc00000)
  from space 108544K, 10% used [0x00000000dfc00000,0x00000000e06d1ac0,0x00000000e6600000)
  to   space 105472K, 0% used [0x00000000e8580000,0x00000000e8580000,0x00000000eec80000)
 ParOldGen       total 548352K, used 348318K [0x0000000081e00000, 0x00000000a3580000, 0x00000000d5f80000)
  object space 548352K, 63% used [0x0000000081e00000,0x0000000097227b40,0x00000000a3580000)
 Metaspace       used 48818K, capacity 50590K, committed 50688K, reserved 1093632K
  class space    used 6770K, capacity 7125K, committed 7168K, reserved 1048576K
GC Heap History (10 events):
Event: 7.060 GC heap before
{Heap before GC invocations=14 (full 4):
 PSYoungGen      total 232448K, used 82643K [0x00000000d5f80000, 0x00000000ec380000, 0x0000000100000000)
  eden space 130048K, 0% used [0x00000000d5f80000,0x00000000d5f80000,0x00000000dde80000)
  from space 102400K, 80% used [0x00000000e4c80000,0x00000000e9d34f10,0x00000000eb080000)
  to   space 112640K, 0% used [0x00000000dde80000,0x00000000dde80000,0x00000000e4c80000)
 ParOldGen       total 385536K, used 264495K [0x0000000081e00000, 0x0000000099680000, 0x00000000d5f80000)
  object space 385536K, 68% used [0x0000000081e00000,0x000000009204bd58,0x0000000099680000)
 Metaspace       used 25230K, capacity 26078K, committed 26240K, reserved 1071104K
  class space    used 3517K, capacity 3743K, committed 3840K, reserved 1048576K
Event: 7.135 GC heap after
Heap after GC invocations=14 (full 4):
 PSYoungGen      total 232448K, used 0K [0x00000000d5f80000, 0x00000000ec380000, 0x0000000100000000)
  eden space 130048K, 0% used [0x00000000d5f80000,0x00000000d5f80000,0x00000000dde80000)
  from space 102400K, 0% used [0x00000000e4c80000,0x00000000e4c80000,0x00000000eb080000)
  to   space 112640K, 0% used [0x00000000dde80000,0x00000000dde80000,0x00000000e4c80000)
 ParOldGen       total 521216K, used 346205K [0x0000000081e00000, 0x00000000a1b00000, 0x00000000d5f80000)
  object space 521216K, 66% used [0x0000000081e00000,0x00000000970175a8,0x00000000a1b00000)
 Metaspace       used 25230K, capacity 26078K, committed 26240K, reserved 1071104K
  class space    used 3517K, capacity 3743K, committed 3840K, reserved 1048576K
}
Event: 9.563 GC heap before
{Heap before GC invocations=15 (full 4):
 PSYoungGen      total 232448K, used 130048K [0x00000000d5f80000, 0x00000000ec380000, 0x0000000100000000)
  eden space 130048K, 100% used [0x00000000d5f80000,0x00000000dde80000,0x00000000dde80000)
  from space 102400K, 0% used [0x00000000e4c80000,0x00000000e4c80000,0x00000000eb080000)
  to   space 112640K, 0% used [0x00000000dde80000,0x00000000dde80000,0x00000000e4c80000)
 ParOldGen       total 521216K, used 346205K [0x0000000081e00000, 0x00000000a1b00000, 0x00000000d5f80000)
  object space 521216K, 66% used [0x0000000081e00000,0x00000000970175a8,0x00000000a1b00000)
 Metaspace       used 41723K, capacity 42870K, committed 43264K, reserved 1087488K
  class space    used 5769K, capacity 6063K, committed 6144K, reserved 1048576K
Event: 9.581 GC heap after
Heap after GC invocations=15 (full 4):
 PSYoungGen      total 242688K, used 15929K [0x00000000d5f80000, 0x00000000ed180000, 0x0000000100000000)
  eden space 130048K, 0% used [0x00000000d5f80000,0x00000000d5f80000,0x00000000dde80000)
  from space 112640K, 14% used [0x00000000dde80000,0x00000000dee0e608,0x00000000e4c80000)
  to   space 110080K, 0% used [0x00000000e6600000,0x00000000e6600000,0x00000000ed180000)
 ParOldGen       total 521216K, used 346213K [0x0000000081e00000, 0x00000000a1b00000, 0x00000000d5f80000)
  object space 521216K, 66% used [0x0000000081e00000,0x00000000970195a8,0x00000000a1b00000)
 Metaspace       used 41723K, capacity 42870K, committed 43264K, reserved 1087488K
  class space    used 5769K, capacity 6063K, committed 6144K, reserved 1048576K
}
Event: 9.715 GC heap before
{Heap before GC invocations=16 (full 4):
 PSYoungGen      total 242688K, used 24965K [0x00000000d5f80000, 0x00000000ed180000, 0x0000000100000000)
  eden space 130048K, 6% used [0x00000000d5f80000,0x00000000d6853148,0x00000000dde80000)
  from space 112640K, 14% used [0x00000000dde80000,0x00000000dee0e608,0x00000000e4c80000)
  to   space 110080K, 0% used [0x00000000e6600000,0x00000000e6600000,0x00000000ed180000)
 ParOldGen       total 521216K, used 346213K [0x0000000081e00000, 0x00000000a1b00000, 0x00000000d5f80000)
  object space 521216K, 66% used [0x0000000081e00000,0x00000000970195a8,0x00000000a1b00000)
 Metaspace       used 42541K, capacity 43618K, committed 43736K, reserved 1087488K
  class space    used 5858K, capacity 6141K, committed 6144K, reserved 1048576K
Event: 9.722 GC heap after
Heap after GC invocations=16 (full 4):
 PSYoungGen      total 268800K, used 6122K [0x00000000d5f80000, 0x00000000ed000000, 0x0000000100000000)
  eden space 160256K, 0% used [0x00000000d5f80000,0x00000000d5f80000,0x00000000dfc00000)
  from space 108544K, 5% used [0x00000000e6600000,0x00000000e6bfab68,0x00000000ed000000)
  to   space 108544K, 0% used [0x00000000dfc00000,0x00000000dfc00000,0x00000000e6600000)
 ParOldGen       total 521216K, used 346221K [0x0000000081e00000, 0x00000000a1b00000, 0x00000000d5f80000)
  object space 521216K, 66% used [0x0000000081e00000,0x000000009701b5a8,0x00000000a1b00000)
 Metaspace       used 42541K, capacity 43618K, committed 43736K, reserved 1087488K
  class space    used 5858K, capacity 6141K, committed 6144K, reserved 1048576K
}
Event: 9.722 GC heap before
{Heap before GC invocations=17 (full 5):
 PSYoungGen      total 268800K, used 6122K [0x00000000d5f80000, 0x00000000ed000000, 0x0000000100000000)
  eden space 160256K, 0% used [0x00000000d5f80000,0x00000000d5f80000,0x00000000dfc00000)
  from space 108544K, 5% used [0x00000000e6600000,0x00000000e6bfab68,0x00000000ed000000)
  to   space 108544K, 0% used [0x00000000dfc00000,0x00000000dfc00000,0x00000000e6600000)
 ParOldGen       total 521216K, used 346221K [0x0000000081e00000, 0x00000000a1b00000, 0x00000000d5f80000)
  object space 521216K, 66% used [0x0000000081e00000,0x000000009701b5a8,0x00000000a1b00000)
 Metaspace       used 42541K, capacity 43618K, committed 43736K, reserved 1087488K
  class space    used 5858K, capacity 6141K, committed 6144K, reserved 1048576K
Event: 9.771 GC heap after
Heap after GC invocations=17 (full 5):
 PSYoungGen      total 268800K, used 0K [0x00000000d5f80000, 0x00000000ed000000, 0x0000000100000000)
  eden space 160256K, 0% used [0x00000000d5f80000,0x00000000d5f80000,0x00000000dfc00000)
  from space 108544K, 0% used [0x00000000e6600000,0x00000000e6600000,0x00000000ed000000)
  to   space 108544K, 0% used [0x00000000dfc00000,0x00000000dfc00000,0x00000000e6600000)
 ParOldGen       total 548352K, used 348310K [0x0000000081e00000, 0x00000000a3580000, 0x00000000d5f80000)
  object space 548352K, 63% used [0x0000000081e00000,0x0000000097225b40,0x00000000a3580000)
 Metaspace       used 42541K, capacity 43618K, committed 43736K, reserved 1087488K
  class space    used 5858K, capacity 6141K, committed 6144K, reserved 1048576K
}
Event: 13.196 GC heap before
{Heap before GC invocations=18 (full 5):
 PSYoungGen      total 268800K, used 160256K [0x00000000d5f80000, 0x00000000ed000000, 0x0000000100000000)
  eden space 160256K, 100% used [0x00000000d5f80000,0x00000000dfc00000,0x00000000dfc00000)
  from space 108544K, 0% used [0x00000000e6600000,0x00000000e6600000,0x00000000ed000000)
  to   space 108544K, 0% used [0x00000000dfc00000,0x00000000dfc00000,0x00000000e6600000)
 ParOldGen       total 548352K, used 348310K [0x0000000081e00000, 0x00000000a3580000, 0x00000000d5f80000)
  object space 548352K, 63% used [0x0000000081e00000,0x0000000097225b40,0x00000000a3580000)
 Metaspace       used 48747K, capacity 50518K, committed 50688K, reserved 1093632K
  class space    used 6769K, capacity 7125K, committed 7168K, reserved 1048576K
Event: 13.205 GC heap after
Heap after GC invocations=18 (full 5):
 PSYoungGen      total 268800K, used 11078K [0x00000000d5f80000, 0x00000000eec80000, 0x0000000100000000)
  eden space 160256K, 0% used [0x00000000d5f80000,0x00000000d5f80000,0x00000000dfc00000)
  from space 108544K, 10% used [0x00000000dfc00000,0x00000000e06d1ac0,0x00000000e6600000)
  to   space 105472K, 0% used [0x00000000e8580000,0x00000000e8580000,0x00000000eec80000)
 ParOldGen       total 548352K, used 348318K [0x0000000081e00000, 0x00000000a3580000, 0x00000000d5f80000)
  object space 548352K, 63% used [0x0000000081e00000,0x0000000097227b40,0x00000000a3580000)
 Metaspace       used 48747K, capacity 50518K, committed 50688K, reserved 1093632K
  class space    used 6769K, capacity 7125K, committed 7168K, reserved 1048576K
}

