# JRE version: Java(TM) SE Runtime Environment (8.0_271-b09) (build 1.8.0_271-b09)
# Java VM: Java HotSpot(TM) 64-Bit Server VM (25.271-b09 mixed mode windows-amd64 compressed oops)
Heap:
 PSYoungGen      total 371200K, used 136993K [0x00000000d5f80000, 0x00000000f5b80000, 0x0000000100000000)
  eden space 238592K, 57% used [0x00000000d5f80000,0x00000000de548450,0x00000000e4880000)
  from space 132608K, 0% used [0x00000000eda00000,0x00000000eda00000,0x00000000f5b80000)
  to   space 140800K, 0% used [0x00000000e4880000,0x00000000e4880000,0x00000000ed200000)
 ParOldGen       total 505344K, used 353120K [0x0000000081e00000, 0x00000000a0b80000, 0x00000000d5f80000)
  object space 505344K, 69% used [0x0000000081e00000,0x00000000976d83b8,0x00000000a0b80000)
 Metaspace       used 48942K, capacity 50746K, committed 51008K, reserved 1093632K
  class space    used 6764K, capacity 7115K, committed 7168K, reserved 1048576K
GC Heap History (10 events):
Event: 6.720 GC heap before
{Heap before GC invocations=13 (full 3):
 PSYoungGen      total 254976K, used 115824K [0x00000000d5f80000, 0x00000000f1980000, 0x0000000100000000)
  eden space 140800K, 1% used [0x00000000d5f80000,0x00000000d622ebe8,0x00000000de900000)
  from space 114176K, 99% used [0x00000000de900000,0x00000000e576d600,0x00000000e5880000)
  to   space 135680K, 0% used [0x00000000e9500000,0x00000000e9500000,0x00000000f1980000)
 ParOldGen       total 377344K, used 239049K [0x0000000081e00000, 0x0000000098e80000, 0x00000000d5f80000)
  object space 377344K, 63% used [0x0000000081e00000,0x00000000907727d0,0x0000000098e80000)
 Metaspace       used 29197K, capacity 29972K, committed 30296K, reserved 1075200K
  class space    used 3995K, capacity 4204K, committed 4224K, reserved 1048576K
Event: 6.756 GC heap after
Heap after GC invocations=13 (full 3):
 PSYoungGen      total 305664K, used 102382K [0x00000000d5f80000, 0x00000000f4700000, 0x0000000100000000)
  eden space 169984K, 0% used [0x00000000d5f80000,0x00000000d5f80000,0x00000000e0580000)
  from space 135680K, 75% used [0x00000000e9500000,0x00000000ef8fbb38,0x00000000f1980000)
  to   space 146944K, 0% used [0x00000000e0580000,0x00000000e0580000,0x00000000e9500000)
 ParOldGen       total 377344K, used 243387K [0x0000000081e00000, 0x0000000098e80000, 0x00000000d5f80000)
  object space 377344K, 64% used [0x0000000081e00000,0x0000000090baef30,0x0000000098e80000)
 Metaspace       used 29197K, capacity 29972K, committed 30296K, reserved 1075200K
  class space    used 3995K, capacity 4204K, committed 4224K, reserved 1048576K
}
Event: 6.756 GC heap before
{Heap before GC invocations=14 (full 4):
 PSYoungGen      total 305664K, used 102382K [0x00000000d5f80000, 0x00000000f4700000, 0x0000000100000000)
  eden space 169984K, 0% used [0x00000000d5f80000,0x00000000d5f80000,0x00000000e0580000)
  from space 135680K, 75% used [0x00000000e9500000,0x00000000ef8fbb38,0x00000000f1980000)
  to   space 146944K, 0% used [0x00000000e0580000,0x00000000e0580000,0x00000000e9500000)
 ParOldGen       total 377344K, used 243387K [0x0000000081e00000, 0x0000000098e80000, 0x00000000d5f80000)
  object space 377344K, 64% used [0x0000000081e00000,0x0000000090baef30,0x0000000098e80000)
 Metaspace       used 29197K, capacity 29972K, committed 30296K, reserved 1075200K
  class space    used 3995K, capacity 4204K, committed 4224K, reserved 1048576K
Event: 6.847 GC heap after
Heap after GC invocations=14 (full 4):
 PSYoungGen      total 305664K, used 0K [0x00000000d5f80000, 0x00000000f4700000, 0x0000000100000000)
  eden space 169984K, 0% used [0x00000000d5f80000,0x00000000d5f80000,0x00000000e0580000)
  from space 135680K, 0% used [0x00000000e9500000,0x00000000e9500000,0x00000000f1980000)
  to   space 146944K, 0% used [0x00000000e0580000,0x00000000e0580000,0x00000000e9500000)
 ParOldGen       total 491008K, used 344944K [0x0000000081e00000, 0x000000009fd80000, 0x00000000d5f80000)
  object space 491008K, 70% used [0x0000000081e00000,0x0000000096edc338,0x000000009fd80000)
 Metaspace       used 29197K, capacity 29972K, committed 30296K, reserved 1075200K
  class space    used 3995K, capacity 4204K, committed 4224K, reserved 1048576K
}
Event: 11.703 GC heap before
{Heap before GC invocations=15 (full 4):
 PSYoungGen      total 305664K, used 169984K [0x00000000d5f80000, 0x00000000f4700000, 0x0000000100000000)
  eden space 169984K, 100% used [0x00000000d5f80000,0x00000000e0580000,0x00000000e0580000)
  from space 135680K, 0% used [0x00000000e9500000,0x00000000e9500000,0x00000000f1980000)
  to   space 146944K, 0% used [0x00000000e0580000,0x00000000e0580000,0x00000000e9500000)
 ParOldGen       total 491008K, used 344944K [0x0000000081e00000, 0x000000009fd80000, 0x00000000d5f80000)
  object space 491008K, 70% used [0x0000000081e00000,0x0000000096edc338,0x000000009fd80000)
 Metaspace       used 47433K, capacity 49188K, committed 49496K, reserved 1091584K
  class space    used 6601K, capacity 6922K, committed 7040K, reserved 1048576K
Event: 11.725 GC heap after
Heap after GC invocations=15 (full 4):
 PSYoungGen      total 316928K, used 19532K [0x00000000d5f80000, 0x00000000f6600000, 0x0000000100000000)
  eden space 169984K, 0% used [0x00000000d5f80000,0x00000000d5f80000,0x00000000e0580000)
  from space 146944K, 13% used [0x00000000e0580000,0x00000000e18933d8,0x00000000e9500000)
  to   space 143360K, 0% used [0x00000000eda00000,0x00000000eda00000,0x00000000f6600000)
 ParOldGen       total 491008K, used 344952K [0x0000000081e00000, 0x000000009fd80000, 0x00000000d5f80000)
  object space 491008K, 70% used [0x0000000081e00000,0x0000000096ede338,0x000000009fd80000)
 Metaspace       used 47433K, capacity 49188K, committed 49496K, reserved 1091584K
  class space    used 6601K, capacity 6922K, committed 7040K, reserved 1048576K
}
Event: 12.331 GC heap before
{Heap before GC invocations=16 (full 4):
 PSYoungGen      total 316928K, used 114684K [0x00000000d5f80000, 0x00000000f6600000, 0x0000000100000000)
  eden space 169984K, 55% used [0x00000000d5f80000,0x00000000dbc6bea0,0x00000000e0580000)
  from space 146944K, 13% used [0x00000000e0580000,0x00000000e18933d8,0x00000000e9500000)
  to   space 143360K, 0% used [0x00000000eda00000,0x00000000eda00000,0x00000000f6600000)
 ParOldGen       total 491008K, used 344952K [0x0000000081e00000, 0x000000009fd80000, 0x00000000d5f80000)
  object space 491008K, 70% used [0x0000000081e00000,0x0000000096ede338,0x000000009fd80000)
 Metaspace       used 48619K, capacity 50310K, committed 50496K, reserved 1093632K
  class space    used 6749K, capacity 7083K, committed 7168K, reserved 1048576K
Event: 12.339 GC heap after
Heap after GC invocations=16 (full 4):
 PSYoungGen      total 371200K, used 10344K [0x00000000d5f80000, 0x00000000f5b80000, 0x0000000100000000)
  eden space 238592K, 0% used [0x00000000d5f80000,0x00000000d5f80000,0x00000000e4880000)
  from space 132608K, 7% used [0x00000000eda00000,0x00000000ee41a0c0,0x00000000f5b80000)
  to   space 140800K, 0% used [0x00000000e4880000,0x00000000e4880000,0x00000000ed200000)
 ParOldGen       total 491008K, used 344960K [0x0000000081e00000, 0x000000009fd80000, 0x00000000d5f80000)
  object space 491008K, 70% used [0x0000000081e00000,0x0000000096ee0338,0x000000009fd80000)
 Metaspace       used 48619K, capacity 50310K, committed 50496K, reserved 1093632K
  class space    used 6749K, capacity 7083K, committed 7168K, reserved 1048576K
}
Event: 12.339 GC heap before
{Heap before GC invocations=17 (full 5):
 PSYoungGen      total 371200K, used 10344K [0x00000000d5f80000, 0x00000000f5b80000, 0x0000000100000000)
  eden space 238592K, 0% used [0x00000000d5f80000,0x00000000d5f80000,0x00000000e4880000)
  from space 132608K, 7% used [0x00000000eda00000,0x00000000ee41a0c0,0x00000000f5b80000)
  to   space 140800K, 0% used [0x00000000e4880000,0x00000000e4880000,0x00000000ed200000)
 ParOldGen       total 491008K, used 344960K [0x0000000081e00000, 0x000000009fd80000, 0x00000000d5f80000)
  object space 491008K, 70% used [0x0000000081e00000,0x0000000096ee0338,0x000000009fd80000)
 Metaspace       used 48619K, capacity 50310K, committed 50496K, reserved 1093632K
  class space    used 6749K, capacity 7083K, committed 7168K, reserved 1048576K
Event: 12.451 GC heap after
Heap after GC invocations=17 (full 5):
 PSYoungGen      total 371200K, used 0K [0x00000000d5f80000, 0x00000000f5b80000, 0x0000000100000000)
  eden space 238592K, 0% used [0x00000000d5f80000,0x00000000d5f80000,0x00000000e4880000)
  from space 132608K, 0% used [0x00000000eda00000,0x00000000eda00000,0x00000000f5b80000)
  to   space 140800K, 0% used [0x00000000e4880000,0x00000000e4880000,0x00000000ed200000)
 ParOldGen       total 505344K, used 353120K [0x0000000081e00000, 0x00000000a0b80000, 0x00000000d5f80000)
  object space 505344K, 69% used [0x0000000081e00000,0x00000000976d83b8,0x00000000a0b80000)
 Metaspace       used 48619K, capacity 50310K, committed 50496K, reserved 1093632K
  class space    used 6749K, capacity 7083K, committed 7168K, reserved 1048576K
}

